Determining if the pthread_create exist failed with the following output:
Change Dir: /home/oyster/moos-ivp-oyster/build/CMakeFiles/CMakeTmp

Run Build Command:"/usr/bin/make" "cmTC_73070/fast"
/usr/bin/make -f CMakeFiles/cmTC_73070.dir/build.make CMakeFiles/cmTC_73070.dir/build
make[1]: Entering directory '/home/oyster/moos-ivp-oyster/build/CMakeFiles/CMakeTmp'
Building C object CMakeFiles/cmTC_73070.dir/CheckSymbolExists.c.o
/usr/bin/cc    -o CMakeFiles/cmTC_73070.dir/CheckSymbolExists.c.o   -c /home/oyster/moos-ivp-oyster/build/CMakeFiles/CMakeTmp/CheckSymbolExists.c
Linking C executable cmTC_73070
/usr/bin/cmake -E cmake_link_script CMakeFiles/cmTC_73070.dir/link.txt --verbose=1
/usr/bin/cc      -rdynamic CMakeFiles/cmTC_73070.dir/CheckSymbolExists.c.o  -o cmTC_73070 
CMakeFiles/cmTC_73070.dir/CheckSymbolExists.c.o: In function `main':
CheckSymbolExists.c:(.text+0x14): undefined reference to `pthread_create'
CheckSymbolExists.c:(.text+0x18): undefined reference to `pthread_create'
collect2: error: ld returned 1 exit status
CMakeFiles/cmTC_73070.dir/build.make:97: recipe for target 'cmTC_73070' failed
make[1]: *** [cmTC_73070] Error 1
make[1]: Leaving directory '/home/oyster/moos-ivp-oyster/build/CMakeFiles/CMakeTmp'
Makefile:126: recipe for target 'cmTC_73070/fast' failed
make: *** [cmTC_73070/fast] Error 2

File /home/oyster/moos-ivp-oyster/build/CMakeFiles/CMakeTmp/CheckSymbolExists.c:
/* */
#include <pthread.h>

int main(int argc, char** argv)
{
  (void)argv;
#ifndef pthread_create
  return ((int*)(&pthread_create))[argc];
#else
  (void)argc;
  return 0;
#endif
}

